Command: python .\run.py training --csv lichess_db_standard_rated_2025-09_filtered_2500_50_nogid_109083_13244531.csv --epochs=50 --batch_size=8192 --lr=0.0006
 -y
Time: 03.10 29.11.2025
Starting...
Venv has been alredy created (use that)
Upgrade pip/setuptools/wheel...
Success

Check pkg: pandas ...
  → pandas is already installed

Check pkg: numpy ...
  → numpy is already installed

Check pkg: python-chess (import: chess) ...
  → python-chess (import: chess) is already installed

Check pkg: torch (+ torchvision, torchaudio) ...
  → torch (+ torchvision, torchaudio) is already installed

Check pkg: scikit-learn (import: sklearn) ...
  → scikit-learn (import: sklearn) is already installed

Check pkg: tqdm ...
  → tqdm is already installed

Venv is ready!
VENV:          
	Path   → ai\learn\venv          
	Active → ai\learn\venv\Scripts\activate          
	Python → ai\learn\venv\Scripts\python.exe

Executing mlearn_venv.py...
Preparation for training...
Device:  cuda
+----------------------------------------------------------------------------------------------------------------------------+
| Parameter        | Value                                                                                                   |
+----------------------------------------------------------------------------------------------------------------------------+
| csv              | ...\lichess_db_standard_rated_2025-09_filtered_2500_50_nogid_109083_13244531.csv                        |
| outdir           | ./model_out                                                                                             |
| jit              | False                                                                                                   |
| onnx             | False                                                                                                   |
| batch_size       | 8192                                                                                                    |
| epochs           | 50                                                                                                      |
| lr               | 0.0006                                                                                                  |
| weight_decay     | 1e-05                                                                                                   |
| use_drive        | False                                                                                                   |
| transfer_workers | 1                                                                                                       |
| dataset_workers  | 8                                                                                                       |
| patience         | 5                                                                                                       |
| max_samples      | 0                                                                                                       |
| test_size        | 0.05                                                                                                    |
| use_transformer  | False                                                                                                   |
| alpha_value      | 0.5                                                                                                     |
| yes              | True                                                                                                    |
| logfile          | mlearn_venv.log                                                                                         |
+----------------------------------------------------------------------------------------------------------------------------+
Progress batch_size and lr:
	4096	->	4e-4
	8192	->	6e-4
	16384	->	8e-4
	32768	->	1e-3
Read from lichess_db_standard_rated_2025-09_filtered_2500_50_nogid_109083_13244531.csv ...
Total rows: 13,244,531
Train: 12,582,304 Test: 662,227

Prepare training-dataset...
--- Dataset Memory Projection ---
Total samples: 12,582,304
Single tensor elements (int8): 832
Boards size in RAM: ~9.75 GB (before system optimizations)
Use train_tensor_fens_13244531.npy as a FEN->Tensor dataframe

Prepare testing-dataset...
--- Dataset Memory Projection ---
Total samples: 662,227
Single tensor elements (int8): 832
Boards size in RAM: ~0.51 GB (before system optimizations)
Use test_tensor_fens_13244531.npy as a FEN->Tensor dataframe

To monitor cuda performance, use: nvidia-smi -l 2
Start learning...
Epoch 1/50 (Total trained: 1)

train:   0%|                                                                                                                                                                                    | 0/1536 [00:00<?, ?it/s]
train:  50%|████████████████████████████████████████████████████████████████████████████████████▏                                                                                     | 761/1536 [06:18<06:11,  2.09it/s]
train:  95%|███████████████████████████████████████████████████████████████████████████████████████████████████████████████████████████████████████████████████████████████▊         | 1452/1536 [11:50<00:40,  2.08it/s]
train: 100%|█████████████████████████████████████████████████████████████████████████████████████████████████████████████████████████████████████████████████████████████████████████| 1536/1536 [12:31<00:00,  1.79it/s]
                                                                                                                                                                                                                         
  train_loss=6.4303 train_acc=0.0501 | val_loss=5.4558 val_acc=0.0984
  [EarlyStopping] Score improved from inf to 5.4558. Resetting counter.
Epoch 2/50 (Total trained: 2)

train:   0%|                                                                                                                                                                                    | 0/1536 [00:00<?, ?it/s]
train:  50%|████████████████████████████████████████████████████████████████████████████████████▏                                                                                     | 761/1536 [06:13<06:11,  2.08it/s]
train:  90%|███████████████████████████████████████████████████████████████████████████████████████████████████████████████████████████████████████████████████████▎                 | 1375/1536 [11:08<01:17,  2.08it/s]
train: 100%|█████████████████████████████████████████████████████████████████████████████████████████████████████████████████████████████████████████████████████████████████████████| 1536/1536 [12:26<00:00,  1.81it/s]
                                                                                                                                                                                                                         
  train_loss=5.1197 train_acc=0.1163 | val_loss=4.7014 val_acc=0.1504
  [EarlyStopping] Score improved from 5.4558 to 4.7014. Resetting counter.
Epoch 3/50 (Total trained: 3)

train:   0%|                                                                                                                                                                                    | 0/1536 [00:00<?, ?it/s]
train:  50%|████████████████████████████████████████████████████████████████████████████████████▏                                                                                     | 761/1536 [06:13<06:11,  2.08it/s]
train:  95%|███████████████████████████████████████████████████████████████████████████████████████████████████████████████████████████████████████████████████████████████▊         | 1452/1536 [11:44<00:40,  2.08it/s]
train: 100%|█████████████████████████████████████████████████████████████████████████████████████████████████████████████████████████████████████████████████████████████████████████| 1536/1536 [12:25<00:00,  1.81it/s]
                                                                                                                                                                                                                         
  train_loss=4.5259 train_acc=0.1630 | val_loss=4.2135 val_acc=0.1945
  [EarlyStopping] Score improved from 4.7014 to 4.2135. Resetting counter.
Epoch 4/50 (Total trained: 4)

train:   0%|                                                                                                                                                                                    | 0/1536 [00:00<?, ?it/s]
train:  50%|████████████████████████████████████████████████████████████████████████████████████▏                                                                                     | 761/1536 [06:13<06:11,  2.08it/s]
train:  95%|███████████████████████████████████████████████████████████████████████████████████████████████████████████████████████████████████████████████████████████████▊         | 1452/1536 [11:44<00:40,  2.08it/s]
train: 100%|█████████████████████████████████████████████████████████████████████████████████████████████████████████████████████████████████████████████████████████████████████████| 1536/1536 [12:25<00:00,  1.82it/s]
                                                                                                                                                                                                                         
  train_loss=4.1138 train_acc=0.2047 | val_loss=3.8798 val_acc=0.2305
  [EarlyStopping] Score improved from 4.2135 to 3.8798. Resetting counter.
Epoch 5/50 (Total trained: 5)

train:   0%|                                                                                                                                                                                    | 0/1536 [00:00<?, ?it/s]
train:  50%|████████████████████████████████████████████████████████████████████████████████████▏                                                                                     | 761/1536 [06:13<06:11,  2.08it/s]
train:  95%|███████████████████████████████████████████████████████████████████████████████████████████████████████████████████████████████████████████████████████████████▊         | 1452/1536 [11:44<00:40,  2.08it/s]
train: 100%|█████████████████████████████████████████████████████████████████████████████████████████████████████████████████████████████████████████████████████████████████████████| 1536/1536 [12:25<00:00,  1.81it/s]
                                                                                                                                                                                                                         
  train_loss=3.7635 train_acc=0.2443 | val_loss=3.6065 val_acc=0.2670
  [EarlyStopping] Score improved from 3.8798 to 3.6065. Resetting counter.
Epoch 6/50 (Total trained: 6)

train:   0%|                                                                                                                                                                                    | 0/1536 [00:00<?, ?it/s]
train:  50%|████████████████████████████████████████████████████████████████████████████████████▏                                                                                     | 761/1536 [06:13<06:11,  2.08it/s]
train:  95%|███████████████████████████████████████████████████████████████████████████████████████████████████████████████████████████████████████████████████████████████▊         | 1452/1536 [11:44<00:40,  2.08it/s]
train: 100%|█████████████████████████████████████████████████████████████████████████████████████████████████████████████████████████████████████████████████████████████████████████| 1536/1536 [12:25<00:00,  1.81it/s]
                                                                                                                                                                                                                         
  train_loss=3.5071 train_acc=0.2740 | val_loss=3.3434 val_acc=0.2967
  [EarlyStopping] Score improved from 3.6065 to 3.3434. Resetting counter.
Epoch 7/50 (Total trained: 7)

train:   0%|                                                                                                                                                                                    | 0/1536 [00:00<?, ?it/s]
train:  50%|████████████████████████████████████████████████████████████████████████████████████▎                                                                                     | 762/1536 [06:13<06:11,  2.08it/s]
train:  95%|███████████████████████████████████████████████████████████████████████████████████████████████████████████████████████████████████████████████████████████████▊         | 1452/1536 [11:44<00:40,  2.08it/s]
train: 100%|█████████████████████████████████████████████████████████████████████████████████████████████████████████████████████████████████████████████████████████████████████████| 1536/1536 [12:25<00:00,  1.82it/s]
                                                                                                                                                                                                                         
  train_loss=3.3246 train_acc=0.2964 | val_loss=3.2708 val_acc=0.3015
  [EarlyStopping] Score improved from 3.3434 to 3.2708. Resetting counter.
Epoch 8/50 (Total trained: 8)

train:   0%|                                                                                                                                                                                    | 0/1536 [00:00<?, ?it/s]
train:  50%|████████████████████████████████████████████████████████████████████████████████████▏                                                                                     | 761/1536 [06:13<06:12,  2.08it/s]
train:  95%|███████████████████████████████████████████████████████████████████████████████████████████████████████████████████████████████████████████████████████████████▊         | 1452/1536 [11:44<00:40,  2.08it/s]
train: 100%|█████████████████████████████████████████████████████████████████████████████████████████████████████████████████████████████████████████████████████████████████████████| 1536/1536 [12:25<00:00,  1.81it/s]
                                                                                                                                                                                                                         
  train_loss=3.1834 train_acc=0.3156 | val_loss=3.1691 val_acc=0.3163
  [EarlyStopping] Score improved from 3.2708 to 3.1691. Resetting counter.
Epoch 9/50 (Total trained: 9)

train:   0%|                                                                                                                                                                                    | 0/1536 [00:00<?, ?it/s]
train:  50%|████████████████████████████████████████████████████████████████████████████████████▏                                                                                     | 761/1536 [06:12<06:12,  2.08it/s]
train:  95%|███████████████████████████████████████████████████████████████████████████████████████████████████████████████████████████████████████████████████████████████▊         | 1452/1536 [11:44<00:40,  2.09it/s]
train: 100%|█████████████████████████████████████████████████████████████████████████████████████████████████████████████████████████████████████████████████████████████████████████| 1536/1536 [12:24<00:00,  1.81it/s]
                                                                                                                                                                                                                         
  train_loss=3.0717 train_acc=0.3321 | val_loss=3.0505 val_acc=0.3374
  [EarlyStopping] Score improved from 3.1691 to 3.0505. Resetting counter.
Epoch 10/50 (Total trained: 10)

train:   0%|                                                                                                                                                                                    | 0/1536 [00:00<?, ?it/s]
train:  50%|████████████████████████████████████████████████████████████████████████████████████▏                                                                                     | 761/1536 [06:12<06:11,  2.09it/s]
train:  95%|███████████████████████████████████████████████████████████████████████████████████████████████████████████████████████████████████████████████████████████████▊         | 1452/1536 [11:43<00:40,  2.09it/s]
train: 100%|█████████████████████████████████████████████████████████████████████████████████████████████████████████████████████████████████████████████████████████████████████████| 1536/1536 [12:24<00:00,  1.82it/s]
                                                                                                                                                                                                                         
  train_loss=2.9817 train_acc=0.3463 | val_loss=2.9540 val_acc=0.3532
  [EarlyStopping] Score improved from 3.0505 to 2.9540. Resetting counter.
Epoch 11/50 (Total trained: 11)

train:   0%|                                                                                                                                                                                    | 0/1536 [00:00<?, ?it/s]
train:  50%|████████████████████████████████████████████████████████████████████████████████████▏                                                                                     | 761/1536 [06:12<06:11,  2.09it/s]
train:  95%|███████████████████████████████████████████████████████████████████████████████████████████████████████████████████████████████████████████████████████████████▊         | 1452/1536 [11:42<00:40,  2.09it/s]
train: 100%|█████████████████████████████████████████████████████████████████████████████████████████████████████████████████████████████████████████████████████████████████████████| 1536/1536 [12:23<00:00,  1.82it/s]
                                                                                                                                                                                                                         
  train_loss=2.9093 train_acc=0.3583 | val_loss=2.8721 val_acc=0.3699
  [EarlyStopping] Score improved from 2.9540 to 2.8721. Resetting counter.
Epoch 12/50 (Total trained: 12)

train:   0%|                                                                                                                                                                                    | 0/1536 [00:00<?, ?it/s]
train:  50%|████████████████████████████████████████████████████████████████████████████████████▏                                                                                     | 761/1536 [06:11<06:10,  2.09it/s]
train:  95%|███████████████████████████████████████████████████████████████████████████████████████████████████████████████████████████████████████████████████████████████▊         | 1452/1536 [11:42<00:40,  2.09it/s]
train: 100%|█████████████████████████████████████████████████████████████████████████████████████████████████████████████████████████████████████████████████████████████████████████| 1536/1536 [12:23<00:00,  1.82it/s]
                                                                                                                                                                                                                         
  train_loss=2.8506 train_acc=0.3688 | val_loss=2.8130 val_acc=0.3765
  [EarlyStopping] Score improved from 2.8721 to 2.8130. Resetting counter.
Epoch 13/50 (Total trained: 13)

train:   0%|                                                                                                                                                                                    | 0/1536 [00:00<?, ?it/s]
train:  50%|████████████████████████████████████████████████████████████████████████████████████▏                                                                                     | 761/1536 [06:11<06:10,  2.09it/s]
train:  95%|███████████████████████████████████████████████████████████████████████████████████████████████████████████████████████████████████████████████████████████████▊         | 1452/1536 [11:42<00:40,  2.09it/s]
train: 100%|█████████████████████████████████████████████████████████████████████████████████████████████████████████████████████████████████████████████████████████████████████████| 1536/1536 [12:22<00:00,  1.82it/s]
                                                                                                                                                                                                                         
  train_loss=2.8010 train_acc=0.3780 | val_loss=2.7752 val_acc=0.3817
  [EarlyStopping] Score improved from 2.8130 to 2.7752. Resetting counter.
Epoch 14/50 (Total trained: 14)

train:   0%|                                                                                                                                                                                    | 0/1536 [00:00<?, ?it/s]
train:  50%|████████████████████████████████████████████████████████████████████████████████████▏                                                                                     | 761/1536 [06:11<06:10,  2.09it/s]
train:  95%|███████████████████████████████████████████████████████████████████████████████████████████████████████████████████████████████████████████████████████████████▊         | 1452/1536 [11:41<00:40,  2.09it/s]
train: 100%|█████████████████████████████████████████████████████████████████████████████████████████████████████████████████████████████████████████████████████████████████████████| 1536/1536 [12:22<00:00,  1.82it/s]
                                                                                                                                                                                                                         
  train_loss=2.7590 train_acc=0.3856 | val_loss=2.7493 val_acc=0.3909
  [EarlyStopping] Score improved from 2.7752 to 2.7493. Resetting counter.
Epoch 15/50 (Total trained: 15)

train:   0%|                                                                                                                                                                                    | 0/1536 [00:00<?, ?it/s]
train:  50%|████████████████████████████████████████████████████████████████████████████████████▏                                                                                     | 761/1536 [06:11<06:10,  2.09it/s]
train:  95%|███████████████████████████████████████████████████████████████████████████████████████████████████████████████████████████████████████████████████████████████▊         | 1452/1536 [11:41<00:40,  2.10it/s]
train: 100%|█████████████████████████████████████████████████████████████████████████████████████████████████████████████████████████████████████████████████████████████████████████| 1536/1536 [12:22<00:00,  1.83it/s]
                                                                                                                                                                                                                         
  train_loss=2.7213 train_acc=0.3928 | val_loss=2.7029 val_acc=0.3964
  [EarlyStopping] Score improved from 2.7493 to 2.7029. Resetting counter.
Epoch 16/50 (Total trained: 16)

train:   0%|                                                                                                                                                                                    | 0/1536 [00:00<?, ?it/s]
train:  50%|████████████████████████████████████████████████████████████████████████████████████▏                                                                                     | 761/1536 [06:11<06:10,  2.09it/s]
train:  95%|███████████████████████████████████████████████████████████████████████████████████████████████████████████████████████████████████████████████████████████████▊         | 1452/1536 [11:41<00:40,  2.10it/s]
train: 100%|█████████████████████████████████████████████████████████████████████████████████████████████████████████████████████████████████████████████████████████████████████████| 1536/1536 [12:22<00:00,  1.81it/s]
                                                                                                                                                                                                                         
  train_loss=2.6884 train_acc=0.3991 | val_loss=2.6777 val_acc=0.4046
  [EarlyStopping] Score improved from 2.7029 to 2.6777. Resetting counter.
Epoch 17/50 (Total trained: 17)

train:   0%|                                                                                                                                                                                    | 0/1536 [00:00<?, ?it/s]
train:  50%|████████████████████████████████████████████████████████████████████████████████████▏                                                                                     | 761/1536 [06:11<06:09,  2.10it/s]
train:  95%|███████████████████████████████████████████████████████████████████████████████████████████████████████████████████████████████████████████████████████████████▊         | 1452/1536 [11:41<00:40,  2.09it/s]
train: 100%|█████████████████████████████████████████████████████████████████████████████████████████████████████████████████████████████████████████████████████████████████████████| 1536/1536 [12:21<00:00,  1.82it/s]
                                                                                                                                                                                                                         
  train_loss=2.6594 train_acc=0.4046 | val_loss=2.6623 val_acc=0.4104
  [EarlyStopping] Score improved from 2.6777 to 2.6623. Resetting counter.
Epoch 18/50 (Total trained: 18)

train:   0%|                                                                                                                                                                                    | 0/1536 [00:00<?, ?it/s]
train:  50%|████████████████████████████████████████████████████████████████████████████████████▏                                                                                     | 761/1536 [06:11<06:10,  2.09it/s]
train:  95%|███████████████████████████████████████████████████████████████████████████████████████████████████████████████████████████████████████████████████████████████▊         | 1452/1536 [11:41<00:40,  2.09it/s]
train: 100%|█████████████████████████████████████████████████████████████████████████████████████████████████████████████████████████████████████████████████████████████████████████| 1536/1536 [12:21<00:00,  1.82it/s]
                                                                                                                                                                                                                         
  train_loss=2.6349 train_acc=0.4094 | val_loss=2.6429 val_acc=0.4090
  [EarlyStopping] Score improved from 2.6623 to 2.6429. Resetting counter.
Epoch 19/50 (Total trained: 19)

train:   0%|                                                                                                                                                                                    | 0/1536 [00:00<?, ?it/s]
train:  50%|████████████████████████████████████████████████████████████████████████████████████▏                                                                                     | 761/1536 [06:10<06:09,  2.10it/s]
train:  95%|███████████████████████████████████████████████████████████████████████████████████████████████████████████████████████████████████████████████████████████████▊         | 1452/1536 [11:40<00:40,  2.09it/s]
train: 100%|█████████████████████████████████████████████████████████████████████████████████████████████████████████████████████████████████████████████████████████████████████████| 1536/1536 [12:21<00:00,  1.82it/s]
                                                                                                                                                                                                                         
  train_loss=2.6127 train_acc=0.4138 | val_loss=2.6245 val_acc=0.4163
  [EarlyStopping] Score improved from 2.6429 to 2.6245. Resetting counter.
Epoch 20/50 (Total trained: 20)

train:   0%|                                                                                                                                                                                    | 0/1536 [00:00<?, ?it/s]
train:  50%|████████████████████████████████████████████████████████████████████████████████████▏                                                                                     | 761/1536 [06:10<06:09,  2.09it/s]
train:  95%|███████████████████████████████████████████████████████████████████████████████████████████████████████████████████████████████████████████████████████████████▊         | 1452/1536 [11:40<00:40,  2.10it/s]
train: 100%|█████████████████████████████████████████████████████████████████████████████████████████████████████████████████████████████████████████████████████████████████████████| 1536/1536 [12:21<00:00,  1.82it/s]
                                                                                                                                                                                                                         
  train_loss=2.5926 train_acc=0.4177 | val_loss=2.6157 val_acc=0.4170
  [EarlyStopping] Score improved from 2.6245 to 2.6157. Resetting counter.
Epoch 21/50 (Total trained: 21)

train:   0%|                                                                                                                                                                                    | 0/1536 [00:00<?, ?it/s]
train:  50%|████████████████████████████████████████████████████████████████████████████████████▏                                                                                     | 761/1536 [06:10<06:09,  2.10it/s]
train:  95%|███████████████████████████████████████████████████████████████████████████████████████████████████████████████████████████████████████████████████████████████▊         | 1452/1536 [11:40<00:40,  2.10it/s]
train: 100%|█████████████████████████████████████████████████████████████████████████████████████████████████████████████████████████████████████████████████████████████████████████| 1536/1536 [12:21<00:00,  1.84it/s]
                                                                                                                                                                                                                         
  train_loss=2.5746 train_acc=0.4211 | val_loss=2.6024 val_acc=0.4208
  [EarlyStopping] Score improved from 2.6157 to 2.6024. Resetting counter.
Epoch 22/50 (Total trained: 22)

train:   0%|                                                                                                                                                                                    | 0/1536 [00:00<?, ?it/s]
train:  50%|████████████████████████████████████████████████████████████████████████████████████▏                                                                                     | 761/1536 [06:11<06:09,  2.10it/s]
train:  95%|███████████████████████████████████████████████████████████████████████████████████████████████████████████████████████████████████████████████████████████████▊         | 1452/1536 [11:40<00:40,  2.10it/s]
train: 100%|█████████████████████████████████████████████████████████████████████████████████████████████████████████████████████████████████████████████████████████████████████████| 1536/1536 [12:21<00:00,  1.83it/s]
                                                                                                                                                                                                                         
  train_loss=2.5578 train_acc=0.4243 | val_loss=2.6002 val_acc=0.4264
  [EarlyStopping] Score improved from 2.6024 to 2.6002. Resetting counter.
Epoch 23/50 (Total trained: 23)

train:   0%|                                                                                                                                                                                    | 0/1536 [00:00<?, ?it/s]
train:  50%|████████████████████████████████████████████████████████████████████████████████████▏                                                                                     | 761/1536 [06:10<06:09,  2.10it/s]
train:  95%|███████████████████████████████████████████████████████████████████████████████████████████████████████████████████████████████████████████████████████████████▊         | 1452/1536 [11:40<00:40,  2.10it/s]
train: 100%|█████████████████████████████████████████████████████████████████████████████████████████████████████████████████████████████████████████████████████████████████████████| 1536/1536 [12:20<00:00,  1.83it/s]
                                                                                                                                                                                                                         
  train_loss=2.5423 train_acc=0.4274 | val_loss=2.5773 val_acc=0.4273
  [EarlyStopping] Score improved from 2.6002 to 2.5773. Resetting counter.
Epoch 24/50 (Total trained: 24)

train:   0%|                                                                                                                                                                                    | 0/1536 [00:00<?, ?it/s]
train:  50%|████████████████████████████████████████████████████████████████████████████████████▏                                                                                     | 761/1536 [06:10<06:09,  2.10it/s]
train:  95%|███████████████████████████████████████████████████████████████████████████████████████████████████████████████████████████████████████████████████████████████▊         | 1452/1536 [11:40<00:40,  2.10it/s]
train: 100%|█████████████████████████████████████████████████████████████████████████████████████████████████████████████████████████████████████████████████████████████████████████| 1536/1536 [12:21<00:00,  1.81it/s]
                                                                                                                                                                                                                         
  train_loss=2.5276 train_acc=0.4302 | val_loss=2.5621 val_acc=0.4301
  [EarlyStopping] Score improved from 2.5773 to 2.5621. Resetting counter.
Epoch 25/50 (Total trained: 25)

train:   0%|                                                                                                                                                                                    | 0/1536 [00:00<?, ?it/s]
train:  50%|████████████████████████████████████████████████████████████████████████████████████▏                                                                                     | 761/1536 [06:10<06:09,  2.10it/s]
train:  95%|███████████████████████████████████████████████████████████████████████████████████████████████████████████████████████████████████████████████████████████████▊         | 1452/1536 [11:40<00:40,  2.10it/s]
train: 100%|█████████████████████████████████████████████████████████████████████████████████████████████████████████████████████████████████████████████████████████████████████████| 1536/1536 [12:20<00:00,  1.83it/s]
                                                                                                                                                                                                                         
  train_loss=2.5134 train_acc=0.4329 | val_loss=2.5753 val_acc=0.4330
  [EarlyStopping] Score did not improve. Counter: 1/5
Epoch 26/50 (Total trained: 26)

train:   0%|                                                                                                                                                                                    | 0/1536 [00:00<?, ?it/s]
train:  50%|████████████████████████████████████████████████████████████████████████████████████▏                                                                                     | 761/1536 [06:10<06:09,  2.10it/s]
train:  95%|███████████████████████████████████████████████████████████████████████████████████████████████████████████████████████████████████████████████████████████████▊         | 1452/1536 [11:40<00:40,  2.10it/s]
train: 100%|█████████████████████████████████████████████████████████████████████████████████████████████████████████████████████████████████████████████████████████████████████████| 1536/1536 [12:21<00:00,  1.82it/s]
                                                                                                                                                                                                                         
  train_loss=2.5002 train_acc=0.4355 | val_loss=2.5561 val_acc=0.4339
  [EarlyStopping] Score improved from 2.5621 to 2.5561. Resetting counter.
Epoch 27/50 (Total trained: 27)

train:   0%|                                                                                                                                                                                    | 0/1536 [00:00<?, ?it/s]
train:  50%|████████████████████████████████████████████████████████████████████████████████████▏                                                                                     | 761/1536 [06:10<06:09,  2.10it/s]
train:  95%|███████████████████████████████████████████████████████████████████████████████████████████████████████████████████████████████████████████████████████████████▊         | 1452/1536 [11:40<00:40,  2.10it/s]
train: 100%|█████████████████████████████████████████████████████████████████████████████████████████████████████████████████████████████████████████████████████████████████████████| 1536/1536 [12:21<00:00,  1.83it/s]
                                                                                                                                                                                                                         
  train_loss=2.4868 train_acc=0.4378 | val_loss=2.5471 val_acc=0.4348
  [EarlyStopping] Score improved from 2.5561 to 2.5471. Resetting counter.
Epoch 28/50 (Total trained: 28)

train:   0%|                                                                                                                                                                                    | 0/1536 [00:00<?, ?it/s]
train:  50%|████████████████████████████████████████████████████████████████████████████████████▏                                                                                     | 761/1536 [06:10<06:09,  2.10it/s]
train:  95%|███████████████████████████████████████████████████████████████████████████████████████████████████████████████████████████████████████████████████████████████▊         | 1452/1536 [11:40<00:40,  2.10it/s]
train: 100%|█████████████████████████████████████████████████████████████████████████████████████████████████████████████████████████████████████████████████████████████████████████| 1536/1536 [12:21<00:00,  1.83it/s]
                                                                                                                                                                                                                         
  train_loss=2.4738 train_acc=0.4401 | val_loss=2.5392 val_acc=0.4380
  [EarlyStopping] Score improved from 2.5471 to 2.5392. Resetting counter.
Epoch 29/50 (Total trained: 29)

train:   0%|                                                                                                                                                                                    | 0/1536 [00:00<?, ?it/s]
train:  50%|████████████████████████████████████████████████████████████████████████████████████▏                                                                                     | 761/1536 [06:10<06:09,  2.10it/s]
train:  95%|███████████████████████████████████████████████████████████████████████████████████████████████████████████████████████████████████████████████████████████████▊         | 1452/1536 [11:40<00:40,  2.10it/s]
train: 100%|█████████████████████████████████████████████████████████████████████████████████████████████████████████████████████████████████████████████████████████████████████████| 1536/1536 [12:20<00:00,  1.82it/s]
                                                                                                                                                                                                                         
  train_loss=2.4614 train_acc=0.4424 | val_loss=2.5319 val_acc=0.4382
  [EarlyStopping] Score improved from 2.5392 to 2.5319. Resetting counter.
Epoch 30/50 (Total trained: 30)

train:   0%|                                                                                                                                                                                    | 0/1536 [00:00<?, ?it/s]
train:  50%|████████████████████████████████████████████████████████████████████████████████████▏                                                                                     | 761/1536 [06:10<06:09,  2.10it/s]
train:  95%|███████████████████████████████████████████████████████████████████████████████████████████████████████████████████████████████████████████████████████████████▊         | 1452/1536 [11:40<00:40,  2.10it/s]
train: 100%|█████████████████████████████████████████████████████████████████████████████████████████████████████████████████████████████████████████████████████████████████████████| 1536/1536 [12:21<00:00,  1.83it/s]
                                                                                                                                                                                                                         
  train_loss=2.4486 train_acc=0.4446 | val_loss=2.5250 val_acc=0.4407
  [EarlyStopping] Score improved from 2.5319 to 2.5250. Resetting counter.
Epoch 31/50 (Total trained: 31)

train:   0%|                                                                                                                                                                                    | 0/1536 [00:00<?, ?it/s]
train:  50%|████████████████████████████████████████████████████████████████████████████████████▏                                                                                     | 761/1536 [06:10<06:09,  2.10it/s]
train:  95%|███████████████████████████████████████████████████████████████████████████████████████████████████████████████████████████████████████████████████████████████▊         | 1452/1536 [11:40<00:40,  2.10it/s]
train: 100%|█████████████████████████████████████████████████████████████████████████████████████████████████████████████████████████████████████████████████████████████████████████| 1536/1536 [12:20<00:00,  1.82it/s]
                                                                                                                                                                                                                         
  train_loss=2.4359 train_acc=0.4467 | val_loss=2.5218 val_acc=0.4419
  [EarlyStopping] Score improved from 2.5250 to 2.5218. Resetting counter.
Epoch 32/50 (Total trained: 32)

train:   0%|                                                                                                                                                                                    | 0/1536 [00:00<?, ?it/s]
train:  50%|████████████████████████████████████████████████████████████████████████████████████▏                                                                                     | 761/1536 [06:11<06:10,  2.09it/s]
train:  95%|███████████████████████████████████████████████████████████████████████████████████████████████████████████████████████████████████████████████████████████████▊         | 1452/1536 [11:50<00:40,  2.10it/s]
train: 100%|█████████████████████████████████████████████████████████████████████████████████████████████████████████████████████████████████████████████████████████████████████████| 1536/1536 [12:31<00:00,  1.80it/s]
                                                                                                                                                                                                                         
  train_loss=2.4235 train_acc=0.4487 | val_loss=2.5134 val_acc=0.4434
  [EarlyStopping] Score improved from 2.5218 to 2.5134. Resetting counter.
Epoch 33/50 (Total trained: 33)

train:   0%|                                                                                                                                                                                    | 0/1536 [00:00<?, ?it/s]
train:  50%|████████████████████████████████████████████████████████████████████████████████████▏                                                                                     | 761/1536 [06:10<06:10,  2.09it/s]
train:  95%|███████████████████████████████████████████████████████████████████████████████████████████████████████████████████████████████████████████████████████████████▊         | 1452/1536 [11:41<00:40,  2.10it/s]
train: 100%|█████████████████████████████████████████████████████████████████████████████████████████████████████████████████████████████████████████████████████████████████████████| 1536/1536 [12:21<00:00,  1.82it/s]
                                                                                                                                                                                                                         
  train_loss=2.4111 train_acc=0.4507 | val_loss=2.5101 val_acc=0.4434
  [EarlyStopping] Score improved from 2.5134 to 2.5101. Resetting counter.
Epoch 34/50 (Total trained: 34)

train:   0%|                                                                                                                                                                                    | 0/1536 [00:00<?, ?it/s]
train:  50%|████████████████████████████████████████████████████████████████████████████████████▏                                                                                     | 761/1536 [06:10<06:09,  2.10it/s]
train:  95%|███████████████████████████████████████████████████████████████████████████████████████████████████████████████████████████████████████████████████████████████▊         | 1452/1536 [11:40<00:40,  2.09it/s]
train: 100%|█████████████████████████████████████████████████████████████████████████████████████████████████████████████████████████████████████████████████████████████████████████| 1536/1536 [12:21<00:00,  1.83it/s]
                                                                                                                                                                                                                         
  train_loss=2.3985 train_acc=0.4528 | val_loss=2.5154 val_acc=0.4449
  [EarlyStopping] Score did not improve. Counter: 1/5
Epoch 35/50 (Total trained: 35)

train:   0%|                                                                                                                                                                                    | 0/1536 [00:00<?, ?it/s]
train:  50%|████████████████████████████████████████████████████████████████████████████████████▏                                                                                     | 761/1536 [06:10<06:08,  2.10it/s]
train:  95%|███████████████████████████████████████████████████████████████████████████████████████████████████████████████████████████████████████████████████████████████▊         | 1452/1536 [11:39<00:39,  2.10it/s]
train: 100%|█████████████████████████████████████████████████████████████████████████████████████████████████████████████████████████████████████████████████████████████████████████| 1536/1536 [12:19<00:00,  1.84it/s]
                                                                                                                                                                                                                         
  train_loss=2.3857 train_acc=0.4548 | val_loss=2.5066 val_acc=0.4455
  [EarlyStopping] Score improved from 2.5101 to 2.5066. Resetting counter.
Epoch 36/50 (Total trained: 36)

train:   0%|                                                                                                                                                                                    | 0/1536 [00:00<?, ?it/s]
train:  50%|████████████████████████████████████████████████████████████████████████████████████▏                                                                                     | 761/1536 [06:09<06:08,  2.10it/s]
train:  95%|███████████████████████████████████████████████████████████████████████████████████████████████████████████████████████████████████████████████████████████████▊         | 1452/1536 [11:38<00:39,  2.10it/s]
train: 100%|█████████████████████████████████████████████████████████████████████████████████████████████████████████████████████████████████████████████████████████████████████████| 1536/1536 [12:18<00:00,  1.82it/s]
                                                                                                                                                                                                                         
  train_loss=2.3732 train_acc=0.4567 | val_loss=2.5014 val_acc=0.4473
  [EarlyStopping] Score improved from 2.5066 to 2.5014. Resetting counter.
Epoch 37/50 (Total trained: 37)

train:   0%|                                                                                                                                                                                    | 0/1536 [00:00<?, ?it/s]
train:  50%|████████████████████████████████████████████████████████████████████████████████████▏                                                                                     | 761/1536 [06:10<06:08,  2.10it/s]
train:  95%|███████████████████████████████████████████████████████████████████████████████████████████████████████████████████████████████████████████████████████████████▊         | 1452/1536 [11:38<00:39,  2.10it/s]
train: 100%|█████████████████████████████████████████████████████████████████████████████████████████████████████████████████████████████████████████████████████████████████████████| 1536/1536 [12:19<00:00,  1.83it/s]
                                                                                                                                                                                                                         
  train_loss=2.3608 train_acc=0.4585 | val_loss=2.5076 val_acc=0.4475
  [EarlyStopping] Score did not improve. Counter: 1/5
Epoch 38/50 (Total trained: 38)

train:   0%|                                                                                                                                                                                    | 0/1536 [00:00<?, ?it/s]
train:  50%|████████████████████████████████████████████████████████████████████████████████████▏                                                                                     | 761/1536 [06:09<06:08,  2.10it/s]
train:  95%|███████████████████████████████████████████████████████████████████████████████████████████████████████████████████████████████████████████████████████████████▊         | 1452/1536 [11:38<00:39,  2.10it/s]
train: 100%|█████████████████████████████████████████████████████████████████████████████████████████████████████████████████████████████████████████████████████████████████████████| 1536/1536 [12:18<00:00,  1.84it/s]
                                                                                                                                                                                                                         
  train_loss=2.3484 train_acc=0.4604 | val_loss=2.5063 val_acc=0.4487
  [EarlyStopping] Score did not improve. Counter: 2/5
Epoch 39/50 (Total trained: 39)

train:   0%|                                                                                                                                                                                    | 0/1536 [00:00<?, ?it/s]
train:  50%|████████████████████████████████████████████████████████████████████████████████████▏                                                                                     | 761/1536 [06:09<06:08,  2.10it/s]
train:  95%|███████████████████████████████████████████████████████████████████████████████████████████████████████████████████████████████████████████████████████████████▊         | 1452/1536 [11:38<00:39,  2.10it/s]
train: 100%|█████████████████████████████████████████████████████████████████████████████████████████████████████████████████████████████████████████████████████████████████████████| 1536/1536 [12:18<00:00,  1.84it/s]
                                                                                                                                                                                                                         
  train_loss=2.3361 train_acc=0.4622 | val_loss=2.5068 val_acc=0.4500
  [EarlyStopping] Score did not improve. Counter: 3/5
Epoch 40/50 (Total trained: 40)

train:   0%|                                                                                                                                                                                    | 0/1536 [00:00<?, ?it/s]
train:  50%|████████████████████████████████████████████████████████████████████████████████████▏                                                                                     | 761/1536 [06:09<06:08,  2.10it/s]
train:  95%|███████████████████████████████████████████████████████████████████████████████████████████████████████████████████████████████████████████████████████████████▊         | 1452/1536 [11:38<00:39,  2.10it/s]
train: 100%|█████████████████████████████████████████████████████████████████████████████████████████████████████████████████████████████████████████████████████████████████████████| 1536/1536 [12:19<00:00,  1.83it/s]
                                                                                                                                                                                                                         
  train_loss=2.3242 train_acc=0.4639 | val_loss=2.5031 val_acc=0.4495
  [EarlyStopping] Score did not improve. Counter: 4/5
Epoch 41/50 (Total trained: 41)

train:   0%|                                                                                                                                                                                    | 0/1536 [00:00<?, ?it/s]
train:  50%|████████████████████████████████████████████████████████████████████████████████████▏                                                                                     | 761/1536 [06:10<06:09,  2.10it/s]
train:  95%|███████████████████████████████████████████████████████████████████████████████████████████████████████████████████████████████████████████████████████████████▊         | 1452/1536 [11:40<00:40,  2.09it/s]
train: 100%|█████████████████████████████████████████████████████████████████████████████████████████████████████████████████████████████████████████████████████████████████████████| 1536/1536 [12:21<00:00,  1.81it/s]
                                                                                                                                                                                                                         
  train_loss=2.3128 train_acc=0.4655 | val_loss=2.5010 val_acc=0.4501
  [EarlyStopping] Score improved from 2.5014 to 2.5010. Resetting counter.
Epoch 42/50 (Total trained: 42)

train:   0%|                                                                                                                                                                                    | 0/1536 [00:00<?, ?it/s]
train:  50%|████████████████████████████████████████████████████████████████████████████████████▏                                                                                     | 761/1536 [06:12<06:11,  2.08it/s]
train:  95%|███████████████████████████████████████████████████████████████████████████████████████████████████████████████████████████████████████████████████████████████▊         | 1452/1536 [11:44<00:40,  2.08it/s]
train: 100%|█████████████████████████████████████████████████████████████████████████████████████████████████████████████████████████████████████████████████████████████████████████| 1536/1536 [12:25<00:00,  1.81it/s]
                                                                                                                                                                                                                         
  train_loss=2.3021 train_acc=0.4670 | val_loss=2.5075 val_acc=0.4512
  [EarlyStopping] Score did not improve. Counter: 1/5
Epoch 43/50 (Total trained: 43)

train:   0%|                                                                                                                                                                                    | 0/1536 [00:00<?, ?it/s]
train:  50%|████████████████████████████████████████████████████████████████████████████████████▏                                                                                     | 761/1536 [06:12<06:11,  2.08it/s]
train:  95%|███████████████████████████████████████████████████████████████████████████████████████████████████████████████████████████████████████████████████████████████▊         | 1452/1536 [11:44<00:40,  2.08it/s]
train: 100%|█████████████████████████████████████████████████████████████████████████████████████████████████████████████████████████████████████████████████████████████████████████| 1536/1536 [12:25<00:00,  1.80it/s]
                                                                                                                                                                                                                         
  train_loss=2.2918 train_acc=0.4682 | val_loss=2.5045 val_acc=0.4507
  [EarlyStopping] Score did not improve. Counter: 2/5
Epoch 44/50 (Total trained: 44)

train:   0%|                                                                                                                                                                                    | 0/1536 [00:00<?, ?it/s]
train:  50%|████████████████████████████████████████████████████████████████████████████████████▏                                                                                     | 761/1536 [06:13<06:11,  2.09it/s]
train:  95%|███████████████████████████████████████████████████████████████████████████████████████████████████████████████████████████████████████████████████████████████▊         | 1452/1536 [11:43<00:40,  2.09it/s]
train: 100%|█████████████████████████████████████████████████████████████████████████████████████████████████████████████████████████████████████████████████████████████████████████| 1536/1536 [12:23<00:00,  1.82it/s]
                                                                                                                                                                                                                         
  train_loss=2.2829 train_acc=0.4697 | val_loss=2.5049 val_acc=0.4516
  [EarlyStopping] Score did not improve. Counter: 3/5
Epoch 45/50 (Total trained: 45)

train:   0%|                                                                                                                                                                                    | 0/1536 [00:00<?, ?it/s]
train:  50%|████████████████████████████████████████████████████████████████████████████████████▏                                                                                     | 761/1536 [06:09<06:08,  2.10it/s]
train:  95%|███████████████████████████████████████████████████████████████████████████████████████████████████████████████████████████████████████████████████████████████▊         | 1452/1536 [11:38<00:39,  2.10it/s]
train: 100%|█████████████████████████████████████████████████████████████████████████████████████████████████████████████████████████████████████████████████████████████████████████| 1536/1536 [12:19<00:00,  1.83it/s]
                                                                                                                                                                                                                         
  train_loss=2.2747 train_acc=0.4707 | val_loss=2.5089 val_acc=0.4513
  [EarlyStopping] Score did not improve. Counter: 4/5
Epoch 46/50 (Total trained: 46)

train:   0%|                                                                                                                                                                                    | 0/1536 [00:00<?, ?it/s]
train:  50%|████████████████████████████████████████████████████████████████████████████████████▏                                                                                     | 761/1536 [06:10<06:08,  2.10it/s]
train:  95%|███████████████████████████████████████████████████████████████████████████████████████████████████████████████████████████████████████████████████████████████▊         | 1452/1536 [11:38<00:39,  2.10it/s]
train: 100%|█████████████████████████████████████████████████████████████████████████████████████████████████████████████████████████████████████████████████████████████████████████| 1536/1536 [12:19<00:00,  1.84it/s]
                                                                                                                                                                                                                         
  train_loss=2.2677 train_acc=0.4716 | val_loss=2.5105 val_acc=0.4518
  [EarlyStopping] Score did not improve. Counter: 5/5
  [EarlyStopping] Patience 5 reached. Stopping training.
Early stopping triggered after 46 epochs (total).
  Saving best model with loss 2.5105 before stopping.
Time: 13.14 29.11.2025